2022-04-18 04:03:10.446 [main] INFO  calculator.Calculator - [SQ ROOT] - 3.0
2022-04-18 04:03:10.450 [main] INFO  calculator.Calculator - [RESULT - SQ ROOT] - 1.7320508075688772
2022-04-18 04:03:10.450 [main] INFO  calculator.Calculator - [SQ ROOT] - 4.0
2022-04-18 04:03:10.451 [main] INFO  calculator.Calculator - [RESULT - SQ ROOT] - 2.0
2022-04-18 04:03:10.451 [main] INFO  calculator.Calculator - [NATURAL LOG] - 1.0
2022-04-18 04:03:10.452 [main] INFO  calculator.Calculator - [RESULT - NATURAL LOG] - 0.0
2022-04-18 04:03:10.452 [main] INFO  calculator.Calculator - [NATURAL LOG] - 1.0
2022-04-18 04:03:10.452 [main] INFO  calculator.Calculator - [RESULT - NATURAL LOG] - 0.0
2022-04-18 04:03:10.454 [main] INFO  calculator.Calculator - [POWER - 2.0 RAISED TO] 2.0
2022-04-18 04:03:10.454 [main] INFO  calculator.Calculator - [RESULT - POWER] - 4.0
2022-04-18 04:03:10.454 [main] INFO  calculator.Calculator - [POWER - 2.0 RAISED TO] 3.0
2022-04-18 04:03:10.454 [main] INFO  calculator.Calculator - [RESULT - POWER] - 8.0
2022-04-18 04:03:10.455 [main] INFO  calculator.Calculator - [POWER - 2.0 RAISED TO] 3.0
2022-04-18 04:03:10.455 [main] INFO  calculator.Calculator - [RESULT - POWER] - 8.0
2022-04-18 04:03:10.456 [main] INFO  calculator.Calculator - [POWER - 4.0 RAISED TO] 3.0
2022-04-18 04:03:10.456 [main] INFO  calculator.Calculator - [RESULT - POWER] - 64.0
2022-04-18 04:03:10.457 [main] INFO  calculator.Calculator - [NATURAL LOG] - 2.4
2022-04-18 04:03:10.457 [main] INFO  calculator.Calculator - [RESULT - NATURAL LOG] - 0.8754687373538999
2022-04-18 04:03:10.458 [main] INFO  calculator.Calculator - [NATURAL LOG] - 2.1
2022-04-18 04:03:10.458 [main] INFO  calculator.Calculator - [RESULT - NATURAL LOG] - 0.7419373447293773
2022-04-18 04:03:10.459 [main] INFO  calculator.Calculator - [SQ ROOT] - 4.0
2022-04-18 04:03:10.459 [main] INFO  calculator.Calculator - [RESULT - SQ ROOT] - 2.0
2022-04-18 04:03:10.460 [main] INFO  calculator.Calculator - [SQ ROOT] - 1.0
2022-04-18 04:03:10.460 [main] INFO  calculator.Calculator - [RESULT - SQ ROOT] - 1.0
2022-04-18 04:03:22.963 [main] INFO  calculator.Calculator - [SQ ROOT] - 3.0
2022-04-18 04:03:22.966 [main] INFO  calculator.Calculator - [RESULT - SQ ROOT] - 1.7320508075688772
2022-04-18 04:03:22.966 [main] INFO  calculator.Calculator - [SQ ROOT] - 4.0
2022-04-18 04:03:22.967 [main] INFO  calculator.Calculator - [RESULT - SQ ROOT] - 2.0
2022-04-18 04:03:22.968 [main] INFO  calculator.Calculator - [NATURAL LOG] - 1.0
2022-04-18 04:03:22.968 [main] INFO  calculator.Calculator - [RESULT - NATURAL LOG] - 0.0
2022-04-18 04:03:22.969 [main] INFO  calculator.Calculator - [NATURAL LOG] - 1.0
2022-04-18 04:03:22.969 [main] INFO  calculator.Calculator - [RESULT - NATURAL LOG] - 0.0
2022-04-18 04:03:22.970 [main] INFO  calculator.Calculator - [POWER - 2.0 RAISED TO] 2.0
2022-04-18 04:03:22.971 [main] INFO  calculator.Calculator - [RESULT - POWER] - 4.0
2022-04-18 04:03:22.971 [main] INFO  calculator.Calculator - [POWER - 2.0 RAISED TO] 3.0
2022-04-18 04:03:22.972 [main] INFO  calculator.Calculator - [RESULT - POWER] - 8.0
2022-04-18 04:03:22.972 [main] INFO  calculator.Calculator - [POWER - 2.0 RAISED TO] 3.0
2022-04-18 04:03:22.973 [main] INFO  calculator.Calculator - [RESULT - POWER] - 8.0
2022-04-18 04:03:22.973 [main] INFO  calculator.Calculator - [POWER - 4.0 RAISED TO] 3.0
2022-04-18 04:03:22.973 [main] INFO  calculator.Calculator - [RESULT - POWER] - 64.0
2022-04-18 04:03:22.974 [main] INFO  calculator.Calculator - [NATURAL LOG] - 2.4
2022-04-18 04:03:22.975 [main] INFO  calculator.Calculator - [RESULT - NATURAL LOG] - 0.8754687373538999
2022-04-18 04:03:22.975 [main] INFO  calculator.Calculator - [NATURAL LOG] - 2.1
2022-04-18 04:03:22.975 [main] INFO  calculator.Calculator - [RESULT - NATURAL LOG] - 0.7419373447293773
2022-04-18 04:03:22.976 [main] INFO  calculator.Calculator - [SQ ROOT] - 4.0
2022-04-18 04:03:22.976 [main] INFO  calculator.Calculator - [RESULT - SQ ROOT] - 2.0
2022-04-18 04:03:22.976 [main] INFO  calculator.Calculator - [SQ ROOT] - 1.0
2022-04-18 04:03:22.976 [main] INFO  calculator.Calculator - [RESULT - SQ ROOT] - 1.0
2022-04-18 04:14:40.844 [main] INFO  calculator.Calculator - [SQ ROOT] - 3.0
2022-04-18 04:14:40.848 [main] INFO  calculator.Calculator - [RESULT - SQ ROOT] - 1.7320508075688772
2022-04-18 04:14:40.848 [main] INFO  calculator.Calculator - [SQ ROOT] - 4.0
2022-04-18 04:14:40.849 [main] INFO  calculator.Calculator - [RESULT - SQ ROOT] - 2.0
2022-04-18 04:14:40.850 [main] INFO  calculator.Calculator - [NATURAL LOG] - 1.0
2022-04-18 04:14:40.850 [main] INFO  calculator.Calculator - [RESULT - NATURAL LOG] - 0.0
2022-04-18 04:14:40.851 [main] INFO  calculator.Calculator - [NATURAL LOG] - 1.0
2022-04-18 04:14:40.852 [main] INFO  calculator.Calculator - [RESULT - NATURAL LOG] - 0.0
2022-04-18 04:14:40.853 [main] INFO  calculator.Calculator - [POWER - 2.0 RAISED TO] 2.0
2022-04-18 04:14:40.854 [main] INFO  calculator.Calculator - [RESULT - POWER] - 4.0
2022-04-18 04:14:40.854 [main] INFO  calculator.Calculator - [POWER - 2.0 RAISED TO] 3.0
2022-04-18 04:14:40.855 [main] INFO  calculator.Calculator - [RESULT - POWER] - 8.0
2022-04-18 04:14:40.855 [main] INFO  calculator.Calculator - [POWER - 2.0 RAISED TO] 3.0
2022-04-18 04:14:40.856 [main] INFO  calculator.Calculator - [RESULT - POWER] - 8.0
2022-04-18 04:14:40.856 [main] INFO  calculator.Calculator - [POWER - 4.0 RAISED TO] 3.0
2022-04-18 04:14:40.857 [main] INFO  calculator.Calculator - [RESULT - POWER] - 64.0
2022-04-18 04:14:40.858 [main] INFO  calculator.Calculator - [NATURAL LOG] - 2.4
2022-04-18 04:14:40.858 [main] INFO  calculator.Calculator - [RESULT - NATURAL LOG] - 0.8754687373538999
2022-04-18 04:14:40.858 [main] INFO  calculator.Calculator - [NATURAL LOG] - 2.1
2022-04-18 04:14:40.858 [main] INFO  calculator.Calculator - [RESULT - NATURAL LOG] - 0.7419373447293773
2022-04-18 04:14:40.859 [main] INFO  calculator.Calculator - [SQ ROOT] - 4.0
2022-04-18 04:14:40.860 [main] INFO  calculator.Calculator - [RESULT - SQ ROOT] - 2.0
2022-04-18 04:14:40.860 [main] INFO  calculator.Calculator - [SQ ROOT] - 1.0
2022-04-18 04:14:40.860 [main] INFO  calculator.Calculator - [RESULT - SQ ROOT] - 1.0
2022-04-18 04:14:50.132 [main] INFO  calculator.Calculator - [SQ ROOT] - 3.0
2022-04-18 04:14:50.135 [main] INFO  calculator.Calculator - [RESULT - SQ ROOT] - 1.7320508075688772
2022-04-18 04:14:50.136 [main] INFO  calculator.Calculator - [SQ ROOT] - 4.0
2022-04-18 04:14:50.136 [main] INFO  calculator.Calculator - [RESULT - SQ ROOT] - 2.0
2022-04-18 04:14:50.137 [main] INFO  calculator.Calculator - [NATURAL LOG] - 1.0
2022-04-18 04:14:50.138 [main] INFO  calculator.Calculator - [RESULT - NATURAL LOG] - 0.0
2022-04-18 04:14:50.138 [main] INFO  calculator.Calculator - [NATURAL LOG] - 1.0
2022-04-18 04:14:50.139 [main] INFO  calculator.Calculator - [RESULT - NATURAL LOG] - 0.0
2022-04-18 04:14:50.140 [main] INFO  calculator.Calculator - [POWER - 2.0 RAISED TO] 2.0
2022-04-18 04:14:50.140 [main] INFO  calculator.Calculator - [RESULT - POWER] - 4.0
2022-04-18 04:14:50.141 [main] INFO  calculator.Calculator - [POWER - 2.0 RAISED TO] 3.0
2022-04-18 04:14:50.141 [main] INFO  calculator.Calculator - [RESULT - POWER] - 8.0
2022-04-18 04:14:50.142 [main] INFO  calculator.Calculator - [POWER - 2.0 RAISED TO] 3.0
2022-04-18 04:14:50.143 [main] INFO  calculator.Calculator - [RESULT - POWER] - 8.0
2022-04-18 04:14:50.143 [main] INFO  calculator.Calculator - [POWER - 4.0 RAISED TO] 3.0
2022-04-18 04:14:50.144 [main] INFO  calculator.Calculator - [RESULT - POWER] - 64.0
2022-04-18 04:14:50.145 [main] INFO  calculator.Calculator - [NATURAL LOG] - 2.4
2022-04-18 04:14:50.145 [main] INFO  calculator.Calculator - [RESULT - NATURAL LOG] - 0.8754687373538999
2022-04-18 04:14:50.146 [main] INFO  calculator.Calculator - [NATURAL LOG] - 2.1
2022-04-18 04:14:50.146 [main] INFO  calculator.Calculator - [RESULT - NATURAL LOG] - 0.7419373447293773
2022-04-18 04:14:50.147 [main] INFO  calculator.Calculator - [SQ ROOT] - 4.0
2022-04-18 04:14:50.147 [main] INFO  calculator.Calculator - [RESULT - SQ ROOT] - 2.0
2022-04-18 04:14:50.147 [main] INFO  calculator.Calculator - [SQ ROOT] - 1.0
2022-04-18 04:14:50.148 [main] INFO  calculator.Calculator - [RESULT - SQ ROOT] - 1.0
2022-04-18 04:18:19.845 [main] INFO  calculator.Calculator - [FACTORIAL] - 5.0
2022-04-18 04:18:19.851 [main] INFO  calculator.Calculator - [RESULT - FACTORIAL] - 120.0
2022-04-18 04:18:58.337 [main] INFO  calculator.Calculator - [SQ ROOT] - 9.0
2022-04-18 04:18:58.339 [main] INFO  calculator.Calculator - [RESULT - SQ ROOT] - 3.0
2022-04-18 04:19:12.725 [main] INFO  calculator.Calculator - [POWER - 8.0 RAISED TO] 2.0
2022-04-18 04:19:12.727 [main] INFO  calculator.Calculator - [RESULT - POWER] - 64.0
2022-04-18 04:19:26.859 [main] INFO  calculator.Calculator - [NATURAL LOG] - 10.0
2022-04-18 04:19:26.864 [main] INFO  calculator.Calculator - [RESULT - NATURAL LOG] - 2.302585092994046
